TeamCode/build/intermediates/manifest_merge_blame_file/debug/processDebugMainManifest/manifest-merger-blame-debug-report.txt
1<?xml version="1.0" encoding="utf-8"?>
2<!--
3 Note: the actual manifest file used in your APK merges this file with
4  contributions from the modules on which your app depends (such as FtcRobotController,
5  etc). So it won't ultimately be as empty as it might here appear to be :-)
6-->
7<!--
8 The package name here determines the package for your R class and your
9  BuildConfig class
10-->
11<manifest xmlns:android="http://schemas.android.com/apk/res/android"
12    package="com.qualcomm.ftcrobotcontroller"
13    android:versionCode="58"
14    android:versionName="10.2" >
15
16    <uses-sdk
17        android:minSdkVersion="24"
18        android:targetSdkVersion="28" />
19
20    <uses-permission android:name="android.permission.RECEIVE_BOOT_COMPLETED" />
20-->[:FtcRobotController] AndroidManifest.xml:10:5-81
20-->[:FtcRobotController] AndroidManifest.xml:10:22-78
21    <uses-permission
21-->[org.firstinspires.ftc:Blocks:10.2.0] AndroidManifest.xml:9:5-11:35
22        android:name="android.permission.WRITE_EXTERNAL_STORAGE"
22-->[org.firstinspires.ftc:Blocks:10.2.0] AndroidManifest.xml:10:9-65
23        android:required="true" />
23-->[org.firstinspires.ftc:Blocks:10.2.0] AndroidManifest.xml:11:9-32
24    <uses-permission
24-->[org.firstinspires.ftc:Blocks:10.2.0] AndroidManifest.xml:12:5-14:35
25        android:name="android.permission.READ_EXTERNAL_STORAGE"
25-->[org.firstinspires.ftc:Blocks:10.2.0] AndroidManifest.xml:13:9-64
26        android:required="true" />
26-->[org.firstinspires.ftc:Blocks:10.2.0] AndroidManifest.xml:14:9-32
27    <uses-permission
27-->[org.firstinspires.ftc:FtcCommon:10.2.0] AndroidManifest.xml:10:5-76
28        android:name="android.permission.ACCESS_WIFI_STATE"
28-->[org.firstinspires.ftc:FtcCommon:10.2.0] AndroidManifest.xml:10:22-73
29        android:required="true" />
29-->[org.firstinspires.ftc:RobotCore:10.2.0] AndroidManifest.xml:11:9-32
30    <uses-permission
30-->[org.firstinspires.ftc:FtcCommon:10.2.0] AndroidManifest.xml:17:5-19:35
31        android:name="android.permission.WRITE_SETTINGS"
31-->[org.firstinspires.ftc:FtcCommon:10.2.0] AndroidManifest.xml:18:9-57
32        android:required="true" />
32-->[org.firstinspires.ftc:FtcCommon:10.2.0] AndroidManifest.xml:19:9-32
33    <uses-permission android:name="android.permission.BLUETOOTH_ADMIN" />
33-->[org.firstinspires.ftc:Inspection:10.2.0] AndroidManifest.xml:10:5-74
33-->[org.firstinspires.ftc:Inspection:10.2.0] AndroidManifest.xml:10:22-71
34    <uses-permission
34-->[org.firstinspires.ftc:Inspection:10.2.0] AndroidManifest.xml:11:5-76
35        android:name="android.permission.CHANGE_WIFI_STATE"
35-->[org.firstinspires.ftc:Inspection:10.2.0] AndroidManifest.xml:11:22-73
36        android:required="true" />
36-->[org.firstinspires.ftc:RobotCore:10.2.0] AndroidManifest.xml:14:9-32
37    <uses-permission
37-->[org.firstinspires.ftc:Inspection:10.2.0] AndroidManifest.xml:12:5-79
38        android:name="android.permission.CHANGE_NETWORK_STATE"
38-->[org.firstinspires.ftc:Inspection:10.2.0] AndroidManifest.xml:12:22-76
39        android:required="true" />
39-->[org.firstinspires.ftc:RobotCore:10.2.0] AndroidManifest.xml:20:9-32
40    <uses-permission
40-->[org.firstinspires.ftc:Inspection:10.2.0] AndroidManifest.xml:13:5-67
41        android:name="android.permission.INTERNET"
41-->[org.firstinspires.ftc:Inspection:10.2.0] AndroidManifest.xml:13:22-64
42        android:required="true" />
42-->[org.firstinspires.ftc:RobotCore:10.2.0] AndroidManifest.xml:23:9-32
43    <uses-permission
43-->[org.firstinspires.ftc:Inspection:10.2.0] AndroidManifest.xml:14:5-79
44        android:name="android.permission.ACCESS_NETWORK_STATE"
44-->[org.firstinspires.ftc:Inspection:10.2.0] AndroidManifest.xml:14:22-76
45        android:required="true" />
45-->[org.firstinspires.ftc:RobotCore:10.2.0] AndroidManifest.xml:17:9-32
46    <uses-permission android:name="android.permission.BLUETOOTH" /> <!-- see AppUtil.setTimeZone() -->
46-->[org.firstinspires.ftc:Inspection:10.2.0] AndroidManifest.xml:15:5-68
46-->[org.firstinspires.ftc:Inspection:10.2.0] AndroidManifest.xml:15:22-65
47    <uses-permission
47-->[org.firstinspires.ftc:RobotCore:10.2.0] AndroidManifest.xml:40:5-42:35
48        android:name="android.permission.SET_TIME_ZONE"
48-->[org.firstinspires.ftc:RobotCore:10.2.0] AndroidManifest.xml:41:9-56
49        android:required="true" />
49-->[org.firstinspires.ftc:RobotCore:10.2.0] AndroidManifest.xml:42:9-32
50    <!--
51  Note: we suspect that this (android.permission.WAKE_LOCK) is no
52  longer needed, but haven't yet found the time necessary to verify
53  that assertion before removing it
54    -->
55    <uses-permission
55-->[org.firstinspires.ftc:RobotCore:10.2.0] AndroidManifest.xml:49:5-51:35
56        android:name="android.permission.WAKE_LOCK"
56-->[org.firstinspires.ftc:RobotCore:10.2.0] AndroidManifest.xml:50:9-52
57        android:required="true" />
57-->[org.firstinspires.ftc:RobotCore:10.2.0] AndroidManifest.xml:51:9-32
58    <uses-permission android:name="android.permission.CAMERA" />
58-->[org.firstinspires.ftc:RobotCore:10.2.0] AndroidManifest.xml:52:5-65
58-->[org.firstinspires.ftc:RobotCore:10.2.0] AndroidManifest.xml:52:22-62
59    <uses-permission
59-->[org.firstinspires.ftc:RobotCore:10.2.0] AndroidManifest.xml:53:5-55:35
60        android:name="android.permission.ACCESS_COARSE_LOCATION"
60-->[org.firstinspires.ftc:RobotCore:10.2.0] AndroidManifest.xml:54:9-65
61        android:required="true" />
61-->[org.firstinspires.ftc:RobotCore:10.2.0] AndroidManifest.xml:55:9-32
62    <uses-permission
62-->[org.firstinspires.ftc:RobotCore:10.2.0] AndroidManifest.xml:56:5-58:35
63        android:name="android.permission.ACCESS_FINE_LOCATION"
63-->[org.firstinspires.ftc:RobotCore:10.2.0] AndroidManifest.xml:57:9-63
64        android:required="true" />
64-->[org.firstinspires.ftc:RobotCore:10.2.0] AndroidManifest.xml:58:9-32
65    <uses-permission
65-->[org.firstinspires.ftc:RobotCore:10.2.0] AndroidManifest.xml:59:5-61:35
66        android:name="android.permission.READ_PHONE_STATE"
66-->[org.firstinspires.ftc:RobotCore:10.2.0] AndroidManifest.xml:60:9-59
67        android:required="true" />
67-->[org.firstinspires.ftc:RobotCore:10.2.0] AndroidManifest.xml:61:9-32
68    <uses-permission
68-->[org.firstinspires.ftc:RobotCore:10.2.0] AndroidManifest.xml:64:5-66:35
69        android:name="com.revrobotics.permission.UPDATE_CONTROL_HUB"
69-->[org.firstinspires.ftc:RobotCore:10.2.0] AndroidManifest.xml:65:9-69
70        android:required="true" />
70-->[org.firstinspires.ftc:RobotCore:10.2.0] AndroidManifest.xml:66:9-32
71
72    <uses-feature android:name="android.hardware.usb.accessory" />
72-->[org.firstinspires.ftc:RobotCore:10.2.0] AndroidManifest.xml:68:5-67
72-->[org.firstinspires.ftc:RobotCore:10.2.0] AndroidManifest.xml:68:19-64
73    <uses-feature android:glEsVersion="0x00020000" />
73-->[org.firstinspires.ftc:RobotCore:10.2.0] AndroidManifest.xml:69:5-54
73-->[org.firstinspires.ftc:RobotCore:10.2.0] AndroidManifest.xml:69:19-51
74    <!--
75        NOTE: Any application that requests the CAMERA permission but does not
76        declare any camera features with the <uses-feature> element will be
77        assumed to use all camera features (auto-focus and flash). Thus, the
78        application will not be compatible with devices that do not support
79        all camera features. We use <uses-feature> to declare only the
80        camera features that our application does need. For instance, if you
81        request the CAMERA permission, but you do not need auto-focus or
82        flash, then declare only the android.hardware.camera feature. The
83        other camera features that you do not request will no longer be
84        assumed as required.
85    -->
86    <uses-feature android:name="android.hardware.camera" />
86-->[org.firstinspires.ftc:RobotCore:10.2.0] AndroidManifest.xml:83:5-60
86-->[org.firstinspires.ftc:RobotCore:10.2.0] AndroidManifest.xml:83:19-57
87    <uses-feature
87-->[com.journeyapps:zxing-android-embedded:4.3.0] AndroidManifest.xml:28:5-30:36
88        android:name="android.hardware.camera.front"
88-->[com.journeyapps:zxing-android-embedded:4.3.0] AndroidManifest.xml:29:9-53
89        android:required="false" /> <!-- TODO replace above two with next line after Android 4.2 -->
89-->[com.journeyapps:zxing-android-embedded:4.3.0] AndroidManifest.xml:30:9-33
90    <!-- <uses-feature android:name="android.hardware.camera.any"/> -->
91    <uses-feature
91-->[com.journeyapps:zxing-android-embedded:4.3.0] AndroidManifest.xml:33:5-35:36
92        android:name="android.hardware.camera.autofocus"
92-->[com.journeyapps:zxing-android-embedded:4.3.0] AndroidManifest.xml:34:9-57
93        android:required="false" />
93-->[com.journeyapps:zxing-android-embedded:4.3.0] AndroidManifest.xml:35:9-33
94    <uses-feature
94-->[com.journeyapps:zxing-android-embedded:4.3.0] AndroidManifest.xml:36:5-38:36
95        android:name="android.hardware.camera.flash"
95-->[com.journeyapps:zxing-android-embedded:4.3.0] AndroidManifest.xml:37:9-53
96        android:required="false" />
96-->[com.journeyapps:zxing-android-embedded:4.3.0] AndroidManifest.xml:38:9-33
97    <uses-feature
97-->[com.journeyapps:zxing-android-embedded:4.3.0] AndroidManifest.xml:39:5-41:36
98        android:name="android.hardware.screen.landscape"
98-->[com.journeyapps:zxing-android-embedded:4.3.0] AndroidManifest.xml:40:9-57
99        android:required="false" />
99-->[com.journeyapps:zxing-android-embedded:4.3.0] AndroidManifest.xml:41:9-33
100    <uses-feature
100-->[com.journeyapps:zxing-android-embedded:4.3.0] AndroidManifest.xml:42:5-44:36
101        android:name="android.hardware.wifi"
101-->[com.journeyapps:zxing-android-embedded:4.3.0] AndroidManifest.xml:43:9-45
102        android:required="false" />
102-->[com.journeyapps:zxing-android-embedded:4.3.0] AndroidManifest.xml:44:9-33
103
104    <application
104-->src/main/AndroidManifest.xml:11:3-18
105        android:name="org.firstinspires.ftc.robotcore.internal.system.RobotApplication"
105-->[org.firstinspires.ftc:RobotCore:10.2.0] AndroidManifest.xml:85:18-97
106        android:allowBackup="true"
106-->[:FtcRobotController] AndroidManifest.xml:13:9-35
107        android:appComponentFactory="androidx.core.app.CoreComponentFactory"
107-->[androidx.core:core:1.3.0] AndroidManifest.xml:24:18-86
108        android:debuggable="true"
109        android:extractNativeLibs="true"
110        android:icon="@drawable/ic_launcher"
110-->[:FtcRobotController] AndroidManifest.xml:14:9-45
111        android:label="@string/app_name"
111-->[:FtcRobotController] AndroidManifest.xml:15:9-41
112        android:largeHeap="true"
112-->[:FtcRobotController] AndroidManifest.xml:16:9-33
113        android:testOnly="true"
114        android:theme="@style/AppThemeRedRC"
114-->[:FtcRobotController] AndroidManifest.xml:17:9-45
115        android:usesCleartextTraffic="true" > <!-- Indicates to the ControlHubUpdater what the latest version of the Control Hub is that this app supports -->
115-->[:FtcRobotController] AndroidManifest.xml:18:9-44
116        <meta-data
116-->[:FtcRobotController] AndroidManifest.xml:21:9-23:33
117            android:name="org.firstinspires.latestSupportedControlHubVersion"
117-->[:FtcRobotController] AndroidManifest.xml:22:13-78
118            android:value="1" /> <!-- The main robot controller activity -->
118-->[:FtcRobotController] AndroidManifest.xml:23:13-30
119        <activity
119-->[:FtcRobotController] AndroidManifest.xml:26:9-37:20
120            android:name="org.firstinspires.ftc.robotcontroller.internal.PermissionValidatorWrapper"
120-->[:FtcRobotController] AndroidManifest.xml:27:13-101
121            android:configChanges="orientation|screenSize"
121-->[:FtcRobotController] AndroidManifest.xml:28:13-59
122            android:label="@string/app_name"
122-->[:FtcRobotController] AndroidManifest.xml:29:13-45
123            android:launchMode="singleTask"
123-->[:FtcRobotController] AndroidManifest.xml:30:13-44
124            android:screenOrientation="fullUser" >
124-->[:FtcRobotController] AndroidManifest.xml:31:13-49
125            <intent-filter>
125-->[:FtcRobotController] AndroidManifest.xml:32:13-36:29
126                <category android:name="android.intent.category.LAUNCHER" />
126-->[:FtcRobotController] AndroidManifest.xml:33:17-77
126-->[:FtcRobotController] AndroidManifest.xml:33:27-74
127
128                <action android:name="android.intent.action.MAIN" />
128-->[:FtcRobotController] AndroidManifest.xml:35:17-69
128-->[:FtcRobotController] AndroidManifest.xml:35:25-66
129            </intent-filter>
130        </activity>
131        <activity
131-->[:FtcRobotController] AndroidManifest.xml:38:9-56:20
132            android:name="org.firstinspires.ftc.robotcontroller.internal.FtcRobotControllerActivity"
132-->[:FtcRobotController] AndroidManifest.xml:39:13-101
133            android:configChanges="orientation|screenSize"
133-->[:FtcRobotController] AndroidManifest.xml:40:13-59
134            android:label="@string/app_name"
134-->[:FtcRobotController] AndroidManifest.xml:41:13-45
135            android:launchMode="singleTask"
135-->[:FtcRobotController] AndroidManifest.xml:42:13-44
136            android:screenOrientation="fullUser" >
136-->[:FtcRobotController] AndroidManifest.xml:43:13-49
137            <intent-filter>
137-->[:FtcRobotController] AndroidManifest.xml:44:13-46:29
138                <action android:name="android.hardware.usb.action.USB_DEVICE_ATTACHED" />
138-->[:FtcRobotController] AndroidManifest.xml:45:17-90
138-->[:FtcRobotController] AndroidManifest.xml:45:25-87
139            </intent-filter>
140
141            <meta-data
141-->[:FtcRobotController] AndroidManifest.xml:48:13-50:57
142                android:name="android.hardware.usb.action.USB_DEVICE_ATTACHED"
142-->[:FtcRobotController] AndroidManifest.xml:49:17-79
143                android:resource="@xml/device_filter" />
143-->[:FtcRobotController] AndroidManifest.xml:50:17-54
144
145            <!-- org.firstinspires.main.entry indicates that this app is compatible with the Dragonboard Control Hub -->
146            <meta-data
146-->[:FtcRobotController] AndroidManifest.xml:53:13-55:40
147                android:name="org.firstinspires.main.entry"
147-->[:FtcRobotController] AndroidManifest.xml:54:17-60
148                android:value="true" />
148-->[:FtcRobotController] AndroidManifest.xml:55:17-37
149        </activity> <!-- The robot controller service in which most of the robot functionality is managed -->
150        <service
150-->[:FtcRobotController] AndroidManifest.xml:59:9-61:38
151            android:name="com.qualcomm.ftccommon.FtcRobotControllerService"
151-->[:FtcRobotController] AndroidManifest.xml:60:13-76
152            android:enabled="true" /> <!-- Assistant that autostarts the robot controller on android boot (if it's supposed to) -->
152-->[:FtcRobotController] AndroidManifest.xml:61:13-35
153        <receiver
153-->[:FtcRobotController] AndroidManifest.xml:64:9-75:20
154            android:name="org.firstinspires.ftc.ftccommon.internal.RunOnBoot"
154-->[:FtcRobotController] AndroidManifest.xml:65:13-78
155            android:enabled="true"
155-->[:FtcRobotController] AndroidManifest.xml:66:13-35
156            android:exported="true"
156-->[:FtcRobotController] AndroidManifest.xml:67:13-36
157            android:permission="android.permission.RECEIVE_BOOT_COMPLETED" >
157-->[:FtcRobotController] AndroidManifest.xml:68:13-75
158            <intent-filter>
158-->[:FtcRobotController] AndroidManifest.xml:69:13-74:29
159                <category android:name="android.intent.category.DEFAULT" />
159-->[:FtcRobotController] AndroidManifest.xml:70:17-76
159-->[:FtcRobotController] AndroidManifest.xml:70:27-73
160
161                <action android:name="android.intent.action.BOOT_COMPLETED" />
161-->[:FtcRobotController] AndroidManifest.xml:72:17-79
161-->[:FtcRobotController] AndroidManifest.xml:72:25-76
162                <action android:name="android.intent.action.QUICKBOOT_POWERON" />
162-->[:FtcRobotController] AndroidManifest.xml:73:17-82
162-->[:FtcRobotController] AndroidManifest.xml:73:25-79
163            </intent-filter>
164        </receiver>
165
166        <activity
166-->[org.firstinspires.ftc:Blocks:10.2.0] AndroidManifest.xml:17:9-21:20
167            android:name="org.firstinspires.ftc.ftccommon.internal.ProgramAndManageActivity"
167-->[org.firstinspires.ftc:Blocks:10.2.0] AndroidManifest.xml:18:13-93
168            android:configChanges="orientation|screenSize"
168-->[org.firstinspires.ftc:Blocks:10.2.0] AndroidManifest.xml:19:13-59
169            android:label="@string/program_and_manage_activity" >
169-->[org.firstinspires.ftc:Blocks:10.2.0] AndroidManifest.xml:20:13-64
170        </activity>
171        <activity
171-->[org.firstinspires.ftc:FtcCommon:10.2.0] AndroidManifest.xml:24:9-28:47
172            android:name="com.qualcomm.ftccommon.StackTraceActivity"
172-->[org.firstinspires.ftc:FtcCommon:10.2.0] AndroidManifest.xml:25:13-69
173            android:configChanges="orientation|screenSize"
173-->[org.firstinspires.ftc:FtcCommon:10.2.0] AndroidManifest.xml:26:13-59
174            android:exported="true"
174-->[org.firstinspires.ftc:FtcCommon:10.2.0] AndroidManifest.xml:27:13-36
175            android:launchMode="singleTask" />
175-->[org.firstinspires.ftc:FtcCommon:10.2.0] AndroidManifest.xml:28:13-44
176        <activity
176-->[org.firstinspires.ftc:FtcCommon:10.2.0] AndroidManifest.xml:29:9-33:20
177            android:name="com.qualcomm.ftccommon.FtcRobotControllerSettingsActivity"
177-->[org.firstinspires.ftc:FtcCommon:10.2.0] AndroidManifest.xml:30:13-85
178            android:exported="true"
178-->[org.firstinspires.ftc:FtcCommon:10.2.0] AndroidManifest.xml:31:13-36
179            android:label="@string/settings_activity" >
179-->[org.firstinspires.ftc:FtcCommon:10.2.0] AndroidManifest.xml:32:13-54
180        </activity>
181        <activity
181-->[org.firstinspires.ftc:FtcCommon:10.2.0] AndroidManifest.xml:34:9-39:20
182            android:name="com.qualcomm.ftccommon.configuration.FtcLoadFileActivity"
182-->[org.firstinspires.ftc:FtcCommon:10.2.0] AndroidManifest.xml:35:13-84
183            android:configChanges="orientation|screenSize"
183-->[org.firstinspires.ftc:FtcCommon:10.2.0] AndroidManifest.xml:36:13-59
184            android:exported="true"
184-->[org.firstinspires.ftc:FtcCommon:10.2.0] AndroidManifest.xml:37:13-36
185            android:label="@string/configure_activity" >
185-->[org.firstinspires.ftc:FtcCommon:10.2.0] AndroidManifest.xml:38:13-55
186        </activity>
187        <activity
187-->[org.firstinspires.ftc:FtcCommon:10.2.0] AndroidManifest.xml:40:9-45:20
188            android:name="com.qualcomm.ftccommon.configuration.ConfigureFromTemplateActivity"
188-->[org.firstinspires.ftc:FtcCommon:10.2.0] AndroidManifest.xml:41:13-94
189            android:configChanges="orientation|screenSize"
189-->[org.firstinspires.ftc:FtcCommon:10.2.0] AndroidManifest.xml:42:13-59
190            android:exported="true"
190-->[org.firstinspires.ftc:FtcCommon:10.2.0] AndroidManifest.xml:43:13-36
191            android:label="@string/title_activity_configfromtemplate" >
191-->[org.firstinspires.ftc:FtcCommon:10.2.0] AndroidManifest.xml:44:13-70
192        </activity>
193        <activity
193-->[org.firstinspires.ftc:FtcCommon:10.2.0] AndroidManifest.xml:46:9-51:20
194            android:name="com.qualcomm.ftccommon.ViewLogsActivity"
194-->[org.firstinspires.ftc:FtcCommon:10.2.0] AndroidManifest.xml:47:13-67
195            android:configChanges="orientation|screenSize"
195-->[org.firstinspires.ftc:FtcCommon:10.2.0] AndroidManifest.xml:48:13-59
196            android:exported="true"
196-->[org.firstinspires.ftc:FtcCommon:10.2.0] AndroidManifest.xml:49:13-36
197            android:label="@string/view_logs_activity" >
197-->[org.firstinspires.ftc:FtcCommon:10.2.0] AndroidManifest.xml:50:13-55
198        </activity>
199        <activity
199-->[org.firstinspires.ftc:FtcCommon:10.2.0] AndroidManifest.xml:52:9-56:20
200            android:name="com.qualcomm.ftccommon.configuration.FtcConfigurationActivity"
200-->[org.firstinspires.ftc:FtcCommon:10.2.0] AndroidManifest.xml:53:13-89
201            android:configChanges="orientation|screenSize"
201-->[org.firstinspires.ftc:FtcCommon:10.2.0] AndroidManifest.xml:54:13-59
202            android:label="@string/app_name" >
202-->[org.firstinspires.ftc:FtcCommon:10.2.0] AndroidManifest.xml:55:13-45
203        </activity>
204        <activity
204-->[org.firstinspires.ftc:FtcCommon:10.2.0] AndroidManifest.xml:57:9-61:20
205            android:name="com.qualcomm.ftccommon.configuration.FtcNewFileActivity"
205-->[org.firstinspires.ftc:FtcCommon:10.2.0] AndroidManifest.xml:58:13-83
206            android:configChanges="orientation|screenSize"
206-->[org.firstinspires.ftc:FtcCommon:10.2.0] AndroidManifest.xml:59:13-59
207            android:label="@string/app_name" >
207-->[org.firstinspires.ftc:FtcCommon:10.2.0] AndroidManifest.xml:60:13-45
208        </activity>
209        <activity
209-->[org.firstinspires.ftc:FtcCommon:10.2.0] AndroidManifest.xml:62:9-66:20
210            android:name="com.qualcomm.ftccommon.FtcAdvancedRCSettingsActivity"
210-->[org.firstinspires.ftc:FtcCommon:10.2.0] AndroidManifest.xml:63:13-80
211            android:exported="true"
211-->[org.firstinspires.ftc:FtcCommon:10.2.0] AndroidManifest.xml:64:13-36
212            android:label="@string/titleAdvancedRCSettings" >
212-->[org.firstinspires.ftc:FtcCommon:10.2.0] AndroidManifest.xml:65:13-60
213        </activity>
214        <activity
214-->[org.firstinspires.ftc:FtcCommon:10.2.0] AndroidManifest.xml:67:9-70:20
215            android:name="com.qualcomm.ftccommon.FtcLynxFirmwareUpdateActivity"
215-->[org.firstinspires.ftc:FtcCommon:10.2.0] AndroidManifest.xml:68:13-80
216            android:exported="true" >
216-->[org.firstinspires.ftc:FtcCommon:10.2.0] AndroidManifest.xml:69:13-36
217        </activity>
218        <activity
218-->[org.firstinspires.ftc:FtcCommon:10.2.0] AndroidManifest.xml:71:9-74:20
219            android:name="com.qualcomm.ftccommon.FtcLynxModuleAddressUpdateActivity"
219-->[org.firstinspires.ftc:FtcCommon:10.2.0] AndroidManifest.xml:72:13-85
220            android:exported="true" >
220-->[org.firstinspires.ftc:FtcCommon:10.2.0] AndroidManifest.xml:73:13-36
221        </activity>
222        <activity
222-->[org.firstinspires.ftc:FtcCommon:10.2.0] AndroidManifest.xml:75:9-79:20
223            android:name="com.qualcomm.ftccommon.FtcWifiDirectChannelSelectorActivity"
223-->[org.firstinspires.ftc:FtcCommon:10.2.0] AndroidManifest.xml:76:13-87
224            android:exported="true"
224-->[org.firstinspires.ftc:FtcCommon:10.2.0] AndroidManifest.xml:77:13-36
225            android:label="@string/title_activity_wifi_channel_selector" >
225-->[org.firstinspires.ftc:FtcCommon:10.2.0] AndroidManifest.xml:78:13-73
226        </activity>
227        <activity
227-->[org.firstinspires.ftc:FtcCommon:10.2.0] AndroidManifest.xml:80:9-84:20
228            android:name="com.qualcomm.ftccommon.FtcWifiDirectRememberedGroupsActivity"
228-->[org.firstinspires.ftc:FtcCommon:10.2.0] AndroidManifest.xml:81:13-88
229            android:exported="true"
229-->[org.firstinspires.ftc:FtcCommon:10.2.0] AndroidManifest.xml:82:13-36
230            android:label="@string/title_activity_wifi_remembered_groups_editor" >
230-->[org.firstinspires.ftc:FtcCommon:10.2.0] AndroidManifest.xml:83:13-81
231        </activity>
232        <activity
232-->[org.firstinspires.ftc:FtcCommon:10.2.0] AndroidManifest.xml:85:9-88:20
233            android:name="com.qualcomm.ftccommon.AboutActivity"
233-->[org.firstinspires.ftc:FtcCommon:10.2.0] AndroidManifest.xml:86:13-64
234            android:label="@string/about_activity" >
234-->[org.firstinspires.ftc:FtcCommon:10.2.0] AndroidManifest.xml:87:13-51
235        </activity>
236        <activity
236-->[org.firstinspires.ftc:FtcCommon:10.2.0] AndroidManifest.xml:89:9-92:20
237            android:name="com.qualcomm.ftccommon.FtcAboutActivity"
237-->[org.firstinspires.ftc:FtcCommon:10.2.0] AndroidManifest.xml:90:13-67
238            android:label="@string/ftc_about_activity" >
238-->[org.firstinspires.ftc:FtcCommon:10.2.0] AndroidManifest.xml:91:13-55
239        </activity>
240        <activity
240-->[org.firstinspires.ftc:FtcCommon:10.2.0] AndroidManifest.xml:93:9-98:20
241            android:name="com.qualcomm.ftccommon.configuration.EditSwapUsbDevices"
241-->[org.firstinspires.ftc:FtcCommon:10.2.0] AndroidManifest.xml:94:13-83
242            android:configChanges="orientation|screenSize"
242-->[org.firstinspires.ftc:FtcCommon:10.2.0] AndroidManifest.xml:95:13-59
243            android:label="@string/edit_swap_devices_activity"
243-->[org.firstinspires.ftc:FtcCommon:10.2.0] AndroidManifest.xml:96:13-63
244            android:windowSoftInputMode="stateHidden" >
244-->[org.firstinspires.ftc:FtcCommon:10.2.0] AndroidManifest.xml:97:13-54
245        </activity>
246        <activity
246-->[org.firstinspires.ftc:FtcCommon:10.2.0] AndroidManifest.xml:99:9-104:20
247            android:name="com.qualcomm.ftccommon.configuration.EditMotorListActivity"
247-->[org.firstinspires.ftc:FtcCommon:10.2.0] AndroidManifest.xml:100:13-86
248            android:configChanges="orientation|screenSize"
248-->[org.firstinspires.ftc:FtcCommon:10.2.0] AndroidManifest.xml:101:13-59
249            android:label="@string/edit_motor_controller_activity"
249-->[org.firstinspires.ftc:FtcCommon:10.2.0] AndroidManifest.xml:102:13-67
250            android:windowSoftInputMode="stateHidden" >
250-->[org.firstinspires.ftc:FtcCommon:10.2.0] AndroidManifest.xml:103:13-54
251        </activity>
252        <activity
252-->[org.firstinspires.ftc:FtcCommon:10.2.0] AndroidManifest.xml:105:9-110:20
253            android:name="com.qualcomm.ftccommon.configuration.EditServoListActivity"
253-->[org.firstinspires.ftc:FtcCommon:10.2.0] AndroidManifest.xml:106:13-86
254            android:configChanges="orientation|screenSize"
254-->[org.firstinspires.ftc:FtcCommon:10.2.0] AndroidManifest.xml:107:13-59
255            android:label="@string/edit_servo_controller_activity"
255-->[org.firstinspires.ftc:FtcCommon:10.2.0] AndroidManifest.xml:108:13-67
256            android:windowSoftInputMode="stateHidden|adjustResize" >
256-->[org.firstinspires.ftc:FtcCommon:10.2.0] AndroidManifest.xml:109:13-67
257        </activity>
258        <activity
258-->[org.firstinspires.ftc:FtcCommon:10.2.0] AndroidManifest.xml:111:9-116:20
259            android:name="com.qualcomm.ftccommon.configuration.EditLynxModuleActivity"
259-->[org.firstinspires.ftc:FtcCommon:10.2.0] AndroidManifest.xml:112:13-87
260            android:configChanges="orientation|screenSize"
260-->[org.firstinspires.ftc:FtcCommon:10.2.0] AndroidManifest.xml:113:13-59
261            android:label="@string/edit_lynx_module_controller_activity"
261-->[org.firstinspires.ftc:FtcCommon:10.2.0] AndroidManifest.xml:114:13-73
262            android:windowSoftInputMode="stateHidden|adjustResize" >
262-->[org.firstinspires.ftc:FtcCommon:10.2.0] AndroidManifest.xml:115:13-67
263        </activity>
264        <activity
264-->[org.firstinspires.ftc:FtcCommon:10.2.0] AndroidManifest.xml:117:9-122:20
265            android:name="com.qualcomm.ftccommon.configuration.EditLynxUsbDeviceActivity"
265-->[org.firstinspires.ftc:FtcCommon:10.2.0] AndroidManifest.xml:118:13-90
266            android:configChanges="orientation|screenSize"
266-->[org.firstinspires.ftc:FtcCommon:10.2.0] AndroidManifest.xml:119:13-59
267            android:label="@string/edit_lynx_usb_device_activity"
267-->[org.firstinspires.ftc:FtcCommon:10.2.0] AndroidManifest.xml:120:13-66
268            android:windowSoftInputMode="stateHidden|adjustResize" >
268-->[org.firstinspires.ftc:FtcCommon:10.2.0] AndroidManifest.xml:121:13-67
269        </activity>
270        <activity
270-->[org.firstinspires.ftc:FtcCommon:10.2.0] AndroidManifest.xml:123:9-128:20
271            android:name="com.qualcomm.ftccommon.configuration.EditWebcamActivity"
271-->[org.firstinspires.ftc:FtcCommon:10.2.0] AndroidManifest.xml:124:13-83
272            android:configChanges="orientation|screenSize"
272-->[org.firstinspires.ftc:FtcCommon:10.2.0] AndroidManifest.xml:125:13-59
273            android:label="@string/edit_webcam_activity"
273-->[org.firstinspires.ftc:FtcCommon:10.2.0] AndroidManifest.xml:126:13-57
274            android:windowSoftInputMode="stateHidden|adjustResize" >
274-->[org.firstinspires.ftc:FtcCommon:10.2.0] AndroidManifest.xml:127:13-67
275        </activity>
276        <activity
276-->[org.firstinspires.ftc:FtcCommon:10.2.0] AndroidManifest.xml:129:9-134:20
277            android:name="com.qualcomm.ftccommon.configuration.EditPWMDevicesActivity"
277-->[org.firstinspires.ftc:FtcCommon:10.2.0] AndroidManifest.xml:130:13-87
278            android:configChanges="orientation|screenSize"
278-->[org.firstinspires.ftc:FtcCommon:10.2.0] AndroidManifest.xml:131:13-59
279            android:label="@string/edit_pwm_devices_activity"
279-->[org.firstinspires.ftc:FtcCommon:10.2.0] AndroidManifest.xml:132:13-62
280            android:windowSoftInputMode="stateHidden|adjustResize" >
280-->[org.firstinspires.ftc:FtcCommon:10.2.0] AndroidManifest.xml:133:13-67
281        </activity>
282        <activity
282-->[org.firstinspires.ftc:FtcCommon:10.2.0] AndroidManifest.xml:135:9-140:20
283            android:name="com.qualcomm.ftccommon.configuration.EditAnalogInputDevicesActivity"
283-->[org.firstinspires.ftc:FtcCommon:10.2.0] AndroidManifest.xml:136:13-95
284            android:configChanges="orientation|screenSize"
284-->[org.firstinspires.ftc:FtcCommon:10.2.0] AndroidManifest.xml:137:13-59
285            android:label="@string/edit_analog_input_devices_activity"